 * Running on http://0.0.0.0:8002/ (Press CTRL+C to quit)
 * Restarting with stat
 * Debugger is active!
 * Debugger PIN: 440-393-060
172.18.180.76 - - [15/Jun/2018 17:53:43] "[37mGET /worldcupDetail HTTP/1.1[0m" 200 -
172.18.226.84 - - [15/Jun/2018 17:55:27] "[37mGET /worldcupDetail HTTP/1.1[0m" 200 -
172.18.226.84 - - [15/Jun/2018 17:57:59] "[37mGET /worldcupDetail HTTP/1.1[0m" 200 -
172.18.226.84 - - [15/Jun/2018 17:58:14] "[37mGET /worldcupDetail HTTP/1.1[0m" 200 -
172.18.226.84 - - [15/Jun/2018 17:58:15] "[33mGET /favicon.ico HTTP/1.1[0m" 404 -
172.18.226.84 - - [15/Jun/2018 17:58:16] "[37mGET /worldcupDetail HTTP/1.1[0m" 200 -
172.18.226.84 - - [15/Jun/2018 17:58:19] "[37mGET /worldcupDetail HTTP/1.1[0m" 200 -
172.18.226.84 - - [15/Jun/2018 17:58:54] "[37mGET /worldcupDetail HTTP/1.1[0m" 200 -
172.18.226.84 - - [15/Jun/2018 17:59:23] "[37mGET /worldcupDetail HTTP/1.1[0m" 200 -
 * Detected change in '/home/work/public/show_detail_server/server.py', reloading
 * Restarting with stat
 * Debugger is active!
 * Debugger PIN: 440-393-060
 * Detected change in '/home/work/public/show_detail_server/server.py', reloading
 * Restarting with stat
 * Debugger is active!
 * Debugger PIN: 440-393-060
172.18.180.76 - - [15/Jun/2018 18:18:07] "[37mGET /worldcupDetail HTTP/1.1[0m" 200 -
172.18.180.76 - - [15/Jun/2018 18:18:07] "[33mGET /name.gif HTTP/1.1[0m" 404 -
 * Detected change in '/home/work/public/show_detail_server/server.py', reloading
 * Restarting with stat
 * Debugger is active!
 * Debugger PIN: 440-393-060
172.18.180.76 - - [15/Jun/2018 18:19:29] "[37mGET /worldcupDetail HTTP/1.1[0m" 200 -
 * Detected change in '/home/work/public/show_detail_server/server.py', reloading
 * Restarting with stat
 * Debugger is active!
 * Debugger PIN: 440-393-060
172.18.180.76 - - [15/Jun/2018 18:20:09] "[37mGET /worldcupDetail HTTP/1.1[0m" 200 -
172.18.180.76 - - [15/Jun/2018 18:20:12] "[37mGET /worldcupDetail HTTP/1.1[0m" 200 -
 * Detected change in '/home/work/public/show_detail_server/server.py', reloading
 * Restarting with stat
 * Debugger is active!
 * Debugger PIN: 440-393-060
 * Detected change in '/home/work/public/show_detail_server/server.py', reloading
 * Restarting with stat
 * Debugger is active!
 * Debugger PIN: 440-393-060
172.18.180.76 - - [15/Jun/2018 18:21:35] "[37mGET /worldcupDetail HTTP/1.1[0m" 200 -
 * Detected change in '/home/work/public/show_detail_server/server.py', reloading
 * Restarting with stat
 * Debugger is active!
 * Debugger PIN: 440-393-060
172.18.180.76 - - [15/Jun/2018 18:22:19] "[37mGET /worldcupDetail HTTP/1.1[0m" 200 -
 * Detected change in '/home/work/public/show_detail_server/server.py', reloading
 * Restarting with stat
 * Debugger is active!
 * Debugger PIN: 440-393-060
172.18.180.76 - - [15/Jun/2018 18:24:44] "[37mGET /worldcupDetail HTTP/1.1[0m" 200 -
172.18.226.84 - - [15/Jun/2018 18:26:06] "[37mGET /worldcupDetail HTTP/1.1[0m" 200 -
172.18.226.84 - - [15/Jun/2018 18:26:12] "[37mGET /worldcupDetail HTTP/1.1[0m" 200 -
172.18.226.84 - - [15/Jun/2018 18:26:16] "[37mGET /worldcupDetail HTTP/1.1[0m" 200 -
 * Detected change in '/home/work/public/show_detail_server/server.py', reloading
 * Restarting with stat
 * Debugger is active!
 * Debugger PIN: 440-393-060
172.18.180.76 - - [15/Jun/2018 18:30:52] "[37mGET /worldcupDetail HTTP/1.1[0m" 200 -
172.18.226.84 - - [15/Jun/2018 18:31:06] "[37mGET /worldcupDetail HTTP/1.1[0m" 200 -
172.18.226.84 - - [15/Jun/2018 18:31:12] "[37mGET /worldcupDetail HTTP/1.1[0m" 200 -
172.18.226.84 - - [15/Jun/2018 18:31:18] "[37mGET /worldcupDetail HTTP/1.1[0m" 200 -
 * Detected change in '/home/work/public/show_detail_server/server.py', reloading
 * Restarting with stat
 * Debugger is active!
 * Debugger PIN: 440-393-060
 * Detected change in '/home/work/public/show_detail_server/server.py', reloading
 * Restarting with stat
 * Debugger is active!
 * Debugger PIN: 440-393-060
172.18.180.76 - - [15/Jun/2018 18:32:32] "[37mGET /worldcupDetail HTTP/1.1[0m" 200 -
172.18.226.84 - - [15/Jun/2018 18:32:43] "[37mGET /worldcupDetail HTTP/1.1[0m" 200 -
 * Detected change in '/home/work/public/show_detail_server/server.py', reloading
 * Restarting with stat
 * Debugger is active!
 * Debugger PIN: 440-393-060
172.18.180.76 - - [15/Jun/2018 18:32:59] "[37mGET /worldcupDetail HTTP/1.1[0m" 200 -
 * Detected change in '/home/work/public/show_detail_server/server.py', reloading
 * Restarting with stat
 * Debugger is active!
 * Debugger PIN: 440-393-060
172.18.180.76 - - [15/Jun/2018 18:33:57] "[37mGET /worldcupDetail HTTP/1.1[0m" 200 -
172.18.226.84 - - [15/Jun/2018 18:34:00] "[37mGET /worldcupDetail HTTP/1.1[0m" 200 -
172.18.226.84 - - [15/Jun/2018 18:34:04] "[37mGET /worldcupDetail HTTP/1.1[0m" 200 -
 * Detected change in '/home/work/public/show_detail_server/server.py', reloading
 * Restarting with stat
 * Debugger is active!
 * Debugger PIN: 440-393-060
 * Detected change in '/home/work/public/show_detail_server/server.py', reloading
 * Restarting with stat
 * Debugger is active!
 * Debugger PIN: 440-393-060
172.18.180.76 - - [15/Jun/2018 18:35:32] "[37mGET /worldcupDetail HTTP/1.1[0m" 200 -
 * Detected change in '/home/work/public/show_detail_server/server.py', reloading
 * Restarting with stat
 * Debugger is active!
 * Debugger PIN: 440-393-060
172.18.226.84 - - [15/Jun/2018 18:35:46] "[37mGET /worldcupDetail HTTP/1.1[0m" 200 -
 * Detected change in '/home/work/public/show_detail_server/server.py', reloading
 * Restarting with stat
 * Debugger is active!
 * Debugger PIN: 440-393-060
172.18.226.84 - - [15/Jun/2018 18:35:54] "[37mGET /worldcupDetail HTTP/1.1[0m" 200 -
 * Detected change in '/home/work/public/show_detail_server/server.py', reloading
 * Restarting with stat
 * Debugger is active!
 * Debugger PIN: 440-393-060
172.18.226.84 - - [15/Jun/2018 18:36:01] "[37mGET /worldcupDetail HTTP/1.1[0m" 200 -
 * Detected change in '/home/work/public/show_detail_server/server.py', reloading
 * Restarting with stat
 * Debugger is active!
 * Debugger PIN: 440-393-060
172.18.226.84 - - [15/Jun/2018 18:36:06] "[37mGET /worldcupDetail HTTP/1.1[0m" 200 -
 * Detected change in '/home/work/public/show_detail_server/server.py', reloading
 * Restarting with stat
 * Debugger is active!
 * Debugger PIN: 440-393-060
172.18.226.84 - - [15/Jun/2018 18:36:11] "[37mGET /worldcupDetail HTTP/1.1[0m" 200 -
 * Detected change in '/home/work/public/show_detail_server/server.py', reloading
 * Restarting with stat
 * Debugger is active!
 * Debugger PIN: 440-393-060
172.18.226.84 - - [15/Jun/2018 18:36:16] "[37mGET /worldcupDetail HTTP/1.1[0m" 200 -
 * Detected change in '/home/work/public/show_detail_server/server.py', reloading
 * Restarting with stat
 * Debugger is active!
 * Debugger PIN: 440-393-060
172.18.226.84 - - [15/Jun/2018 18:36:23] "[37mGET /worldcupDetail HTTP/1.1[0m" 200 -
172.18.226.84 - - [15/Jun/2018 18:36:32] "[37mGET /worldcupDetail HTTP/1.1[0m" 200 -
 * Detected change in '/home/work/public/show_detail_server/server.py', reloading
 * Restarting with stat
 * Debugger is active!
 * Debugger PIN: 440-393-060
 * Detected change in '/home/work/public/show_detail_server/server.py', reloading
 * Restarting with stat
 * Debugger is active!
 * Debugger PIN: 440-393-060
 * Detected change in '/home/work/public/show_detail_server/server.py', reloading
 * Restarting with stat
 * Debugger is active!
 * Debugger PIN: 440-393-060
172.18.226.84 - - [15/Jun/2018 18:37:47] "[37mGET /worldcupDetail HTTP/1.1[0m" 200 -
 * Detected change in '/home/work/public/show_detail_server/server.py', reloading
 * Restarting with stat
 * Debugger is active!
 * Debugger PIN: 440-393-060
172.18.226.84 - - [15/Jun/2018 18:38:07] "[37mGET /worldcupDetail HTTP/1.1[0m" 200 -
172.18.226.84 - - [15/Jun/2018 18:38:09] "[37mGET /worldcupDetail HTTP/1.1[0m" 200 -
 * Detected change in '/home/work/public/show_detail_server/server.py', reloading
 * Restarting with stat
 * Debugger is active!
 * Debugger PIN: 440-393-060
 * Detected change in '/home/work/public/show_detail_server/server.py', reloading
 * Restarting with stat
 * Debugger is active!
 * Debugger PIN: 440-393-060
172.18.226.84 - - [15/Jun/2018 18:38:19] "[37mGET /worldcupDetail HTTP/1.1[0m" 200 -
 * Detected change in '/home/work/public/show_detail_server/server.py', reloading
 * Restarting with stat
 * Debugger is active!
 * Debugger PIN: 440-393-060
172.18.226.84 - - [15/Jun/2018 18:38:24] "[37mGET /worldcupDetail HTTP/1.1[0m" 200 -
 * Detected change in '/home/work/public/show_detail_server/server.py', reloading
 * Restarting with stat
 * Debugger is active!
 * Debugger PIN: 440-393-060
 * Detected change in '/home/work/public/show_detail_server/server.py', reloading
 * Restarting with stat
 * Debugger is active!
 * Debugger PIN: 440-393-060
172.18.226.84 - - [15/Jun/2018 18:38:47] "[37mGET /worldcupDetail HTTP/1.1[0m" 200 -
 * Detected change in '/home/work/public/show_detail_server/server.py', reloading
 * Restarting with stat
 * Debugger is active!
 * Debugger PIN: 440-393-060
172.18.226.84 - - [15/Jun/2018 18:39:03] "[37mGET /worldcupDetail HTTP/1.1[0m" 200 -
 * Detected change in '/home/work/public/show_detail_server/server.py', reloading
 * Restarting with stat
 * Debugger is active!
 * Debugger PIN: 440-393-060
172.18.226.84 - - [15/Jun/2018 18:39:17] "[37mGET /worldcupDetail HTTP/1.1[0m" 200 -
 * Detected change in '/home/work/public/show_detail_server/server.py', reloading
 * Restarting with stat
 * Debugger is active!
 * Debugger PIN: 440-393-060
172.18.226.84 - - [15/Jun/2018 18:40:18] "[37mGET /worldcupDetail HTTP/1.1[0m" 200 -
 * Detected change in '/home/work/public/show_detail_server/server.py', reloading
 * Restarting with stat
 * Debugger is active!
 * Debugger PIN: 440-393-060
172.18.226.84 - - [15/Jun/2018 18:40:39] "[37mGET /worldcupDetail HTTP/1.1[0m" 200 -
 * Detected change in '/home/work/public/show_detail_server/server.py', reloading
 * Restarting with stat
 * Debugger is active!
 * Debugger PIN: 440-393-060
172.18.226.84 - - [15/Jun/2018 18:40:58] "[37mGET /worldcupDetail HTTP/1.1[0m" 200 -
 * Detected change in '/home/work/public/show_detail_server/server.py', reloading
 * Restarting with stat
 * Debugger is active!
 * Debugger PIN: 440-393-060
172.18.226.84 - - [15/Jun/2018 18:41:15] "[37mGET /worldcupDetail HTTP/1.1[0m" 200 -
172.18.226.84 - - [15/Jun/2018 18:42:38] "[37mGET /worldcupDetail HTTP/1.1[0m" 200 -
 * Detected change in '/home/work/public/show_detail_server/server.py', reloading
 * Restarting with stat
 * Debugger is active!
 * Debugger PIN: 440-393-060
172.18.180.76 - - [15/Jun/2018 18:50:01] "[37mGET /worldcupDetail HTTP/1.1[0m" 200 -
172.18.226.84 - - [15/Jun/2018 18:50:17] "[37mGET /worldcupDetail HTTP/1.1[0m" 200 -
172.18.180.76 - - [15/Jun/2018 18:50:24] "[37mGET /worldcupDetail HTTP/1.1[0m" 200 -
172.18.226.84 - - [15/Jun/2018 18:50:33] "[37mGET /worldcupDetail HTTP/1.1[0m" 200 -
172.18.226.84 - - [15/Jun/2018 18:51:16] "[37mGET /worldcupDetail HTTP/1.1[0m" 200 -
172.18.226.84 - - [15/Jun/2018 18:51:39] "[37mGET /worldcupDetail HTTP/1.1[0m" 200 -
 * Detected change in '/home/work/public/show_detail_server/server.py', reloading
 * Restarting with stat
 * Debugger is active!
 * Debugger PIN: 440-393-060
 * Detected change in '/home/work/public/show_detail_server/server.py', reloading
 * Restarting with stat
 * Debugger is active!
 * Debugger PIN: 440-393-060
 * Detected change in '/home/work/public/show_detail_server/server.py', reloading
 * Restarting with stat
 * Debugger is active!
 * Debugger PIN: 440-393-060
 * Detected change in '/home/work/public/show_detail_server/server.py', reloading
 * Restarting with stat
 * Debugger is active!
 * Debugger PIN: 440-393-060
 * Detected change in '/home/work/public/show_detail_server/server.py', reloading
 * Restarting with stat
 * Debugger is active!
 * Debugger PIN: 440-393-060
 * Detected change in '/home/work/public/show_detail_server/server.py', reloading
 * Restarting with stat
 * Debugger is active!
 * Debugger PIN: 440-393-060
 * Detected change in '/home/work/public/show_detail_server/server.py', reloading
 * Restarting with stat
 * Debugger is active!
 * Debugger PIN: 440-393-060
 * Detected change in '/home/work/public/show_detail_server/server.py', reloading
 * Restarting with stat
  File "server.py", line 52
    if line[1].split("\001")
                           ^
SyntaxError: invalid syntax
 * Running on http://0.0.0.0:8002/ (Press CTRL+C to quit)
 * Restarting with stat
 * Debugger is active!
 * Debugger PIN: 440-393-060
--19:02:57--  ftp://cp01-linjiaxin-4.epc.baidu.com/home/work/laijiawei2/baidu/nlp/event-graph/event_graph_store/worldcup/data_sync/sina_dynamic/data/worldcupDetail
           => `detail'
Resolving cp01-linjiaxin-4.epc.baidu.com... 10.94.182.122
Connecting to cp01-linjiaxin-4.epc.baidu.com|10.94.182.122|:21... connected.
Logging in as anonymous ... Logged in!
==> SYST ... done.    ==> PWD ... done.
==> TYPE I ... done.  ==> CWD /home/work/laijiawei2/baidu/nlp/event-graph/event_graph_store/worldcup/data_sync/sina_dynamic/data ... done.
==> PASV ... done.    ==> RETR worldcupDetail ... done.
Length: 5,295 (5.2K) (unauthoritative)

    0K .....                                                 100%  373.55 MB/s

19:02:57 (373.55 MB/s) - `detail' saved [5295]

172.18.226.84 - - [15/Jun/2018 19:02:57] "[37mGET /worldcupDetail HTTP/1.1[0m" 200 -
--19:03:02--  ftp://cp01-linjiaxin-4.epc.baidu.com/home/work/laijiawei2/baidu/nlp/event-graph/event_graph_store/worldcup/data_sync/sina_dynamic/data/worldcupDetail
           => `detail'
Resolving cp01-linjiaxin-4.epc.baidu.com... 10.94.182.122
Connecting to cp01-linjiaxin-4.epc.baidu.com|10.94.182.122|:21... connected.
Logging in as anonymous ... Logged in!
==> SYST ... done.    ==> PWD ... done.
==> TYPE I ... done.  ==> CWD /home/work/laijiawei2/baidu/nlp/event-graph/event_graph_store/worldcup/data_sync/sina_dynamic/data ... done.
==> PASV ... done.    ==> RETR worldcupDetail ... done.
Length: 5,295 (5.2K) (unauthoritative)

    0K .....                                                 100%  450.63 MB/s

19:03:02 (450.63 MB/s) - `detail' saved [5295]

172.18.226.84 - - [15/Jun/2018 19:03:02] "[37mGET /worldcupDetail HTTP/1.1[0m" 200 -
 * Detected change in '/home/work/public/show_detail_server/server.py', reloading
 * Restarting with stat
 * Debugger is active!
 * Debugger PIN: 440-393-060
--19:03:14--  ftp://cp01-linjiaxin-4.epc.baidu.com/home/work/laijiawei2/baidu/nlp/event-graph/event_graph_store/worldcup/data_sync/sina_dynamic/data/worldcupDetail
           => `detail'
Resolving cp01-linjiaxin-4.epc.baidu.com... 10.94.182.122
Connecting to cp01-linjiaxin-4.epc.baidu.com|10.94.182.122|:21... connected.
Logging in as anonymous ... Logged in!
==> SYST ... done.    ==> PWD ... done.
==> TYPE I ... done.  ==> CWD /home/work/laijiawei2/baidu/nlp/event-graph/event_graph_store/worldcup/data_sync/sina_dynamic/data ... done.
==> PASV ... done.    ==> RETR worldcupDetail ... done.
Length: 5,295 (5.2K) (unauthoritative)

    0K .....                                                 100%  112.14 MB/s

19:03:14 (112.14 MB/s) - `detail' saved [5295]

172.18.226.84 - - [15/Jun/2018 19:03:14] "[37mGET /worldcupDetail HTTP/1.1[0m" 200 -
--19:03:25--  ftp://cp01-linjiaxin-4.epc.baidu.com/home/work/laijiawei2/baidu/nlp/event-graph/event_graph_store/worldcup/data_sync/sina_dynamic/data/worldcupDetail
           => `detail'
Resolving cp01-linjiaxin-4.epc.baidu.com... 10.94.182.122
Connecting to cp01-linjiaxin-4.epc.baidu.com|10.94.182.122|:21... connected.
Logging in as anonymous ... Logged in!
==> SYST ... done.    ==> PWD ... done.
==> TYPE I ... done.  ==> CWD /home/work/laijiawei2/baidu/nlp/event-graph/event_graph_store/worldcup/data_sync/sina_dynamic/data ... done.
==> PASV ... done.    ==> RETR worldcupDetail ... done.
Length: 5,295 (5.2K) (unauthoritative)

    0K .....                                                 100%  103.07 MB/s

19:03:25 (103.07 MB/s) - `detail' saved [5295]

172.18.226.84 - - [15/Jun/2018 19:03:25] "[37mGET /worldcupDetail HTTP/1.1[0m" 200 -
--19:03:37--  ftp://cp01-linjiaxin-4.epc.baidu.com/home/work/laijiawei2/baidu/nlp/event-graph/event_graph_store/worldcup/data_sync/sina_dynamic/data/worldcupDetail
           => `detail'
Resolving cp01-linjiaxin-4.epc.baidu.com... 10.94.182.122
Connecting to cp01-linjiaxin-4.epc.baidu.com|10.94.182.122|:21... connected.
Logging in as anonymous ... Logged in!
==> SYST ... done.    ==> PWD ... done.
==> TYPE I ... done.  ==> CWD /home/work/laijiawei2/baidu/nlp/event-graph/event_graph_store/worldcup/data_sync/sina_dynamic/data ... done.
==> PASV ... done.    ==> RETR worldcupDetail ... done.
Length: 5,295 (5.2K) (unauthoritative)

    0K .....                                                 100%   37.16 MB/s

19:03:37 (37.16 MB/s) - `detail' saved [5295]

172.18.226.84 - - [15/Jun/2018 19:03:37] "[37mGET /worldcupDetail HTTP/1.1[0m" 200 -
 * Detected change in '/home/work/public/show_detail_server/server.py', reloading
 * Restarting with stat
 * Debugger is active!
 * Debugger PIN: 440-393-060
--19:03:50--  ftp://cp01-linjiaxin-4.epc.baidu.com/home/work/laijiawei2/baidu/nlp/event-graph/event_graph_store/worldcup/data_sync/sina_dynamic/data/worldcupDetail
           => `detail'
Resolving cp01-linjiaxin-4.epc.baidu.com... 10.94.182.122
Connecting to cp01-linjiaxin-4.epc.baidu.com|10.94.182.122|:21... connected.
Logging in as anonymous ... Logged in!
==> SYST ... done.    ==> PWD ... done.
==> TYPE I ... done.  ==> CWD /home/work/laijiawei2/baidu/nlp/event-graph/event_graph_store/worldcup/data_sync/sina_dynamic/data ... done.
==> PASV ... done.    ==> RETR worldcupDetail ... done.
Length: 5,295 (5.2K) (unauthoritative)

    0K .....                                                 100%   32.28 MB/s

19:03:50 (32.28 MB/s) - `detail' saved [5295]

172.18.226.84 - - [15/Jun/2018 19:03:50] "[37mGET /worldcupDetail HTTP/1.1[0m" 200 -
 * Detected change in '/home/work/public/show_detail_server/server.py', reloading
 * Restarting with stat
 * Debugger is active!
 * Debugger PIN: 440-393-060
--19:03:58--  ftp://cp01-linjiaxin-4.epc.baidu.com/home/work/laijiawei2/baidu/nlp/event-graph/event_graph_store/worldcup/data_sync/sina_dynamic/data/worldcupDetail
           => `detail'
Resolving cp01-linjiaxin-4.epc.baidu.com... 10.94.182.122
Connecting to cp01-linjiaxin-4.epc.baidu.com|10.94.182.122|:21... connected.
Logging in as anonymous ... Logged in!
==> SYST ... done.    ==> PWD ... done.
==> TYPE I ... done.  ==> CWD /home/work/laijiawei2/baidu/nlp/event-graph/event_graph_store/worldcup/data_sync/sina_dynamic/data ... done.
==> PASV ... done.    ==> RETR worldcupDetail ... done.
Length: 5,295 (5.2K) (unauthoritative)

    0K .....                                                 100%   29.62 MB/s

19:03:58 (29.62 MB/s) - `detail' saved [5295]

172.18.226.84 - - [15/Jun/2018 19:03:58] "[37mGET /worldcupDetail HTTP/1.1[0m" 200 -
--19:04:02--  ftp://cp01-linjiaxin-4.epc.baidu.com/home/work/laijiawei2/baidu/nlp/event-graph/event_graph_store/worldcup/data_sync/sina_dynamic/data/worldcupDetail
           => `detail'
Resolving cp01-linjiaxin-4.epc.baidu.com... 10.94.182.122
Connecting to cp01-linjiaxin-4.epc.baidu.com|10.94.182.122|:21... connected.
Logging in as anonymous ... Logged in!
==> SYST ... done.    ==> PWD ... done.
==> TYPE I ... done.  ==> CWD /home/work/laijiawei2/baidu/nlp/event-graph/event_graph_store/worldcup/data_sync/sina_dynamic/data ... done.
==> PASV ... done.    ==> RETR worldcupDetail ... done.
Length: 5,295 (5.2K) (unauthoritative)

    0K .....                                                 100%   41.42 MB/s

19:04:02 (41.42 MB/s) - `detail' saved [5295]

172.18.226.84 - - [15/Jun/2018 19:04:02] "[37mGET /worldcupDetail HTTP/1.1[0m" 200 -
 * Detected change in '/home/work/public/show_detail_server/server.py', reloading
 * Restarting with stat
 * Debugger is active!
 * Debugger PIN: 440-393-060
--19:04:08--  ftp://cp01-linjiaxin-4.epc.baidu.com/home/work/laijiawei2/baidu/nlp/event-graph/event_graph_store/worldcup/data_sync/sina_dynamic/data/worldcupDetail
           => `detail'
Resolving cp01-linjiaxin-4.epc.baidu.com... 10.94.182.122
Connecting to cp01-linjiaxin-4.epc.baidu.com|10.94.182.122|:21... connected.
Logging in as anonymous ... Logged in!
==> SYST ... done.    ==> PWD ... done.
==> TYPE I ... done.  ==> CWD /home/work/laijiawei2/baidu/nlp/event-graph/event_graph_store/worldcup/data_sync/sina_dynamic/data ... done.
==> PASV ... done.    ==> RETR worldcupDetail ... done.
Length: 5,295 (5.2K) (unauthoritative)

    0K .....                                                 100%   35.29 MB/s

19:04:08 (35.29 MB/s) - `detail' saved [5295]

172.18.226.84 - - [15/Jun/2018 19:04:08] "[37mGET /worldcupDetail HTTP/1.1[0m" 200 -
 * Detected change in '/home/work/public/show_detail_server/server.py', reloading
 * Restarting with stat
 * Debugger is active!
 * Debugger PIN: 440-393-060
--19:04:26--  ftp://cp01-linjiaxin-4.epc.baidu.com/home/work/laijiawei2/baidu/nlp/event-graph/event_graph_store/worldcup/data_sync/sina_dynamic/data/worldcupDetail
           => `detail'
Resolving cp01-linjiaxin-4.epc.baidu.com... 10.94.182.122
Connecting to cp01-linjiaxin-4.epc.baidu.com|10.94.182.122|:21... connected.
Logging in as anonymous ... Logged in!
==> SYST ... done.    ==> PWD ... done.
==> TYPE I ... done.  ==> CWD /home/work/laijiawei2/baidu/nlp/event-graph/event_graph_store/worldcup/data_sync/sina_dynamic/data ... done.
==> PASV ... done.    ==> RETR worldcupDetail ... done.
Length: 5,295 (5.2K) (unauthoritative)

    0K .....                                                 100%   20.51 MB/s

19:04:26 (20.51 MB/s) - `detail' saved [5295]

172.18.226.84 - - [15/Jun/2018 19:04:26] "[37mGET /worldcupDetail HTTP/1.1[0m" 200 -
--19:05:03--  ftp://cp01-linjiaxin-4.epc.baidu.com/home/work/laijiawei2/baidu/nlp/event-graph/event_graph_store/worldcup/data_sync/sina_dynamic/data/worldcupDetail
           => `detail'
Resolving cp01-linjiaxin-4.epc.baidu.com... 10.94.182.122
Connecting to cp01-linjiaxin-4.epc.baidu.com|10.94.182.122|:21... connected.
Logging in as anonymous ... Logged in!
==> SYST ... done.    ==> PWD ... done.
==> TYPE I ... done.  ==> CWD /home/work/laijiawei2/baidu/nlp/event-graph/event_graph_store/worldcup/data_sync/sina_dynamic/data ... done.
==> PASV ... done.    ==> RETR worldcupDetail ... done.
Length: 5,295 (5.2K) (unauthoritative)

    0K .....                                                 100%   51.45 MB/s

19:05:03 (51.45 MB/s) - `detail' saved [5295]

172.18.226.84 - - [15/Jun/2018 19:05:03] "[37mGET /worldcupDetail HTTP/1.1[0m" 200 -
 * Detected change in '/home/work/public/show_detail_server/server.py', reloading
 * Restarting with stat
 * Debugger is active!
 * Debugger PIN: 440-393-060
 * Detected change in '/home/work/public/show_detail_server/server.py', reloading
 * Restarting with stat
 * Debugger is active!
 * Debugger PIN: 440-393-060
 * Detected change in '/home/work/public/show_detail_server/server.py', reloading
 * Restarting with stat
 * Debugger is active!
 * Debugger PIN: 440-393-060
--19:07:53--  ftp://cp01-linjiaxin-4.epc.baidu.com/home/work/laijiawei2/baidu/nlp/event-graph/event_graph_store/worldcup/data_sync/sina_dynamic/data/worldcupDetail
           => `detail'
Resolving cp01-linjiaxin-4.epc.baidu.com... 10.94.182.122
Connecting to cp01-linjiaxin-4.epc.baidu.com|10.94.182.122|:21... connected.
Logging in as anonymous ... Logged in!
==> SYST ... done.    ==> PWD ... done.
==> TYPE I ... done.  ==> CWD /home/work/laijiawei2/baidu/nlp/event-graph/event_graph_store/worldcup/data_sync/sina_dynamic/data ... done.
==> PASV ... done.    ==> RETR worldcupDetail ... done.
Length: 5,295 (5.2K) (unauthoritative)

    0K .....                                                 100%  372.18 MB/s

19:07:53 (372.18 MB/s) - `detail' saved [5295]

172.18.226.84 - - [15/Jun/2018 19:07:53] "[37mGET /worldcupDetail HTTP/1.1[0m" 200 -
--19:07:56--  ftp://cp01-linjiaxin-4.epc.baidu.com/home/work/laijiawei2/baidu/nlp/event-graph/event_graph_store/worldcup/data_sync/sina_dynamic/data/worldcupDetail
           => `detail'
Resolving cp01-linjiaxin-4.epc.baidu.com... 10.94.182.122
Connecting to cp01-linjiaxin-4.epc.baidu.com|10.94.182.122|:21... connected.
Logging in as anonymous ... Logged in!
==> SYST ... done.    ==> PWD ... done.
==> TYPE I ... done.  ==> CWD /home/work/laijiawei2/baidu/nlp/event-graph/event_graph_store/worldcup/data_sync/sina_dynamic/data ... done.
==> PASV ... done.    ==> RETR worldcupDetail ... done.
Length: 5,295 (5.2K) (unauthoritative)

    0K .....                                                 100%   52.43 MB/s

19:07:56 (52.43 MB/s) - `detail' saved [5295]

172.18.226.84 - - [15/Jun/2018 19:07:56] "[37mGET /worldcupDetail HTTP/1.1[0m" 200 -
 * Detected change in '/home/work/public/show_detail_server/server.py', reloading
 * Restarting with stat
 * Debugger is active!
 * Debugger PIN: 440-393-060
 * Detected change in '/home/work/public/show_detail_server/server.py', reloading
 * Restarting with stat
 * Debugger is active!
 * Debugger PIN: 440-393-060
--19:08:28--  ftp://cp01-linjiaxin-4.epc.baidu.com/home/work/laijiawei2/baidu/nlp/event-graph/event_graph_store/worldcup/data_sync/sina_dynamic/data/worldcupDetail
           => `detail'
Resolving cp01-linjiaxin-4.epc.baidu.com... 10.94.182.122
Connecting to cp01-linjiaxin-4.epc.baidu.com|10.94.182.122|:21... connected.
Logging in as anonymous ... Logged in!
==> SYST ... done.    ==> PWD ... done.
==> TYPE I ... done.  ==> CWD /home/work/laijiawei2/baidu/nlp/event-graph/event_graph_store/worldcup/data_sync/sina_dynamic/data ... done.
==> PASV ... done.    ==> RETR worldcupDetail ... done.
Length: 5,295 (5.2K) (unauthoritative)

    0K .....                                                 100%  382.29 MB/s

19:08:28 (382.29 MB/s) - `detail' saved [5295]

172.18.226.84 - - [15/Jun/2018 19:08:28] "[37mGET /worldcupDetail HTTP/1.1[0m" 200 -
 * Detected change in '/home/work/public/show_detail_server/server.py', reloading
 * Restarting with stat
 * Debugger is active!
 * Debugger PIN: 440-393-060
--19:09:06--  ftp://cp01-linjiaxin-4.epc.baidu.com/home/work/laijiawei2/baidu/nlp/event-graph/event_graph_store/worldcup/data_sync/sina_dynamic/data/worldcupDetail
           => `detail'
Resolving cp01-linjiaxin-4.epc.baidu.com... 10.94.182.122
Connecting to cp01-linjiaxin-4.epc.baidu.com|10.94.182.122|:21... connected.
Logging in as anonymous ... Logged in!
==> SYST ... done.    ==> PWD ... done.
==> TYPE I ... done.  ==> CWD /home/work/laijiawei2/baidu/nlp/event-graph/event_graph_store/worldcup/data_sync/sina_dynamic/data ... done.
==> PASV ... done.    ==> RETR worldcupDetail ... done.
Length: 5,295 (5.2K) (unauthoritative)

    0K .....                                                 100%  352.19 MB/s

19:09:06 (352.19 MB/s) - `detail' saved [5295]

172.18.226.84 - - [15/Jun/2018 19:09:06] "[37mGET /worldcupDetail HTTP/1.1[0m" 200 -
--19:09:15--  ftp://cp01-linjiaxin-4.epc.baidu.com/home/work/laijiawei2/baidu/nlp/event-graph/event_graph_store/worldcup/data_sync/sina_dynamic/data/worldcupDetail
           => `detail'
Resolving cp01-linjiaxin-4.epc.baidu.com... 10.94.182.122
Connecting to cp01-linjiaxin-4.epc.baidu.com|10.94.182.122|:21... connected.
Logging in as anonymous ... Logged in!
==> SYST ... done.    ==> PWD ... done.
==> TYPE I ... done.  ==> CWD /home/work/laijiawei2/baidu/nlp/event-graph/event_graph_store/worldcup/data_sync/sina_dynamic/data ... done.
==> PASV ... done.    ==> RETR worldcupDetail ... done.
Length: 5,295 (5.2K) (unauthoritative)

    0K .....                                                 100%   38.39 MB/s

19:09:15 (38.39 MB/s) - `detail' saved [5295]

172.18.226.84 - - [15/Jun/2018 19:09:15] "[37mGET /worldcupDetail HTTP/1.1[0m" 200 -
 * Detected change in '/home/work/public/show_detail_server/server.py', reloading
 * Restarting with stat
 * Debugger is active!
 * Debugger PIN: 440-393-060
--19:09:22--  ftp://cp01-linjiaxin-4.epc.baidu.com/home/work/laijiawei2/baidu/nlp/event-graph/event_graph_store/worldcup/data_sync/sina_dynamic/data/worldcupDetail
           => `detail'
Resolving cp01-linjiaxin-4.epc.baidu.com... 10.94.182.122
Connecting to cp01-linjiaxin-4.epc.baidu.com|10.94.182.122|:21... connected.
Logging in as anonymous ... Logged in!
==> SYST ... done.    ==> PWD ... done.
==> TYPE I ... done.  ==> CWD /home/work/laijiawei2/baidu/nlp/event-graph/event_graph_store/worldcup/data_sync/sina_dynamic/data ... done.
==> PASV ... done.    ==> RETR worldcupDetail ... done.
Length: 5,295 (5.2K) (unauthoritative)

    0K .....                                                 100%   25.45 MB/s

19:09:22 (25.45 MB/s) - `detail' saved [5295]

172.18.226.84 - - [15/Jun/2018 19:09:22] "[37mGET /worldcupDetail HTTP/1.1[0m" 200 -
--19:09:27--  ftp://cp01-linjiaxin-4.epc.baidu.com/home/work/laijiawei2/baidu/nlp/event-graph/event_graph_store/worldcup/data_sync/sina_dynamic/data/worldcupDetail
           => `detail'
Resolving cp01-linjiaxin-4.epc.baidu.com... 10.94.182.122
Connecting to cp01-linjiaxin-4.epc.baidu.com|10.94.182.122|:21... connected.
Logging in as anonymous ... Logged in!
==> SYST ... done.    ==> PWD ... done.
==> TYPE I ... done.  ==> CWD /home/work/laijiawei2/baidu/nlp/event-graph/event_graph_store/worldcup/data_sync/sina_dynamic/data ... done.
==> PASV ... done.    ==> RETR worldcupDetail ... done.
Length: 5,295 (5.2K) (unauthoritative)

    0K .....                                                 100%   37.42 MB/s

19:09:27 (37.42 MB/s) - `detail' saved [5295]

172.18.226.84 - - [15/Jun/2018 19:09:27] "[37mGET /worldcupDetail HTTP/1.1[0m" 200 -
 * Detected change in '/home/work/public/show_detail_server/server.py', reloading
 * Restarting with stat
 * Debugger is active!
 * Debugger PIN: 440-393-060
--19:09:34--  ftp://cp01-linjiaxin-4.epc.baidu.com/home/work/laijiawei2/baidu/nlp/event-graph/event_graph_store/worldcup/data_sync/sina_dynamic/data/worldcupDetail
           => `detail'
Resolving cp01-linjiaxin-4.epc.baidu.com... 10.94.182.122
Connecting to cp01-linjiaxin-4.epc.baidu.com|10.94.182.122|:21... connected.
Logging in as anonymous ... Logged in!
==> SYST ... done.    ==> PWD ... done.
==> TYPE I ... done.  ==> CWD /home/work/laijiawei2/baidu/nlp/event-graph/event_graph_store/worldcup/data_sync/sina_dynamic/data ... done.
==> PASV ... done.    ==> RETR worldcupDetail ... done.
Length: 5,295 (5.2K) (unauthoritative)

    0K .....                                                 100%   29.91 MB/s

19:09:34 (29.91 MB/s) - `detail' saved [5295]

172.18.226.84 - - [15/Jun/2018 19:09:34] "[37mGET /worldcupDetail HTTP/1.1[0m" 200 -
 * Detected change in '/home/work/public/show_detail_server/server.py', reloading
 * Restarting with stat
 * Debugger is active!
 * Debugger PIN: 440-393-060
--19:09:42--  ftp://cp01-linjiaxin-4.epc.baidu.com/home/work/laijiawei2/baidu/nlp/event-graph/event_graph_store/worldcup/data_sync/sina_dynamic/data/worldcupDetail
           => `detail'
Resolving cp01-linjiaxin-4.epc.baidu.com... 10.94.182.122
Connecting to cp01-linjiaxin-4.epc.baidu.com|10.94.182.122|:21... connected.
Logging in as anonymous ... Logged in!
==> SYST ... done.    ==> PWD ... done.
==> TYPE I ... done.  ==> CWD /home/work/laijiawei2/baidu/nlp/event-graph/event_graph_store/worldcup/data_sync/sina_dynamic/data ... done.
==> PASV ... done.    ==> RETR worldcupDetail ... done.
Length: 5,295 (5.2K) (unauthoritative)

    0K .....                                                 100%   35.53 MB/s

19:09:42 (35.53 MB/s) - `detail' saved [5295]

172.18.226.84 - - [15/Jun/2018 19:09:42] "[37mGET /worldcupDetail HTTP/1.1[0m" 200 -
 * Detected change in '/home/work/public/show_detail_server/server.py', reloading
 * Restarting with stat
 * Debugger is active!
 * Debugger PIN: 440-393-060
172.18.226.84 - - [15/Jun/2018 19:11:09] "[37mGET /worldcupDetail HTTP/1.1[0m" 200 -
172.18.226.84 - - [15/Jun/2018 19:11:20] "[37mGET /worldcupDetail HTTP/1.1[0m" 200 -
172.18.186.93 - - [15/Jun/2018 19:11:57] "[37mGET /worldcupDetail HTTP/1.1[0m" 200 -
172.18.186.93 - - [15/Jun/2018 19:11:59] "[33mGET /favicon.ico HTTP/1.1[0m" 404 -
 * Detected change in '/home/work/public/show_detail_server/server.py', reloading
 * Restarting with stat
 * Debugger is active!
 * Debugger PIN: 440-393-060
 * Detected change in '/home/work/public/show_detail_server/server.py', reloading
 * Restarting with stat
 * Debugger is active!
 * Debugger PIN: 440-393-060
--19:13:56--  ftp://cp01-linjiaxin-4.epc.baidu.com/home/work/laijiawei2/baidu/nlp/event-graph/event_graph_store/worldcup/data_sync/sina_dynamic/data/worldcupDetail
           => `detail'
Resolving cp01-linjiaxin-4.epc.baidu.com... 10.94.182.122
Connecting to cp01-linjiaxin-4.epc.baidu.com|10.94.182.122|:21... connected.
Logging in as anonymous ... Logged in!
==> SYST ... done.    ==> PWD ... done.
==> TYPE I ... done.  ==> CWD /home/work/laijiawei2/baidu/nlp/event-graph/event_graph_store/worldcup/data_sync/sina_dynamic/data ... done.
==> PASV ... done.    ==> RETR worldcupDetail ... done.
Length: 770 (unauthoritative)

    0K                                                       100%   11.28 MB/s

19:13:56 (11.28 MB/s) - `detail' saved [770]

172.18.226.84 - - [15/Jun/2018 19:13:56] "[37mGET /worldcupDetail HTTP/1.1[0m" 200 -
--19:14:04--  ftp://cp01-linjiaxin-4.epc.baidu.com/home/work/laijiawei2/baidu/nlp/event-graph/event_graph_store/worldcup/data_sync/sina_dynamic/data/worldcupDetail
           => `detail'
Resolving cp01-linjiaxin-4.epc.baidu.com... 10.94.182.122
Connecting to cp01-linjiaxin-4.epc.baidu.com|10.94.182.122|:21... connected.
Logging in as anonymous ... Logged in!
==> SYST ... done.    ==> PWD ... done.
==> TYPE I ... done.  ==> CWD /home/work/laijiawei2/baidu/nlp/event-graph/event_graph_store/worldcup/data_sync/sina_dynamic/data ... done.
==> PASV ... done.    ==> RETR worldcupDetail ... done.
Length: 2,411 (2.4K) (unauthoritative)

    0K ..                                                    100%   13.64 MB/s

19:14:04 (13.64 MB/s) - `detail' saved [2411]

172.18.226.84 - - [15/Jun/2018 19:14:04] "[37mGET /worldcupDetail HTTP/1.1[0m" 200 -
--19:14:13--  ftp://cp01-linjiaxin-4.epc.baidu.com/home/work/laijiawei2/baidu/nlp/event-graph/event_graph_store/worldcup/data_sync/sina_dynamic/data/worldcupDetail
           => `detail'
Resolving cp01-linjiaxin-4.epc.baidu.com... 10.94.182.122
Connecting to cp01-linjiaxin-4.epc.baidu.com|10.94.182.122|:21... connected.
Logging in as anonymous ... Logged in!
==> SYST ... done.    ==> PWD ... done.
==> TYPE I ... done.  ==> CWD /home/work/laijiawei2/baidu/nlp/event-graph/event_graph_store/worldcup/data_sync/sina_dynamic/data ... done.
==> PASV ... done.    ==> RETR worldcupDetail ... done.
Length: 2,411 (2.4K) (unauthoritative)

    0K ..                                                    100%   16.65 MB/s

19:14:13 (16.65 MB/s) - `detail' saved [2411]

172.18.226.84 - - [15/Jun/2018 19:14:13] "[37mGET /worldcupDetail HTTP/1.1[0m" 200 -
--19:15:06--  ftp://cp01-linjiaxin-4.epc.baidu.com/home/work/laijiawei2/baidu/nlp/event-graph/event_graph_store/worldcup/data_sync/sina_dynamic/data/worldcupDetail
           => `detail'
Resolving cp01-linjiaxin-4.epc.baidu.com... 10.94.182.122
Connecting to cp01-linjiaxin-4.epc.baidu.com|10.94.182.122|:21... connected.
Logging in as anonymous ... Logged in!
==> SYST ... done.    ==> PWD ... done.
==> TYPE I ... done.  ==> CWD /home/work/laijiawei2/baidu/nlp/event-graph/event_graph_store/worldcup/data_sync/sina_dynamic/data ... done.
==> PASV ... done.    ==> RETR worldcupDetail ... done.
Length: 2,411 (2.4K) (unauthoritative)

    0K ..                                                    100%    6.77 MB/s

19:15:06 (6.77 MB/s) - `detail' saved [2411]

172.22.28.235 - - [15/Jun/2018 19:15:06] "[37mGET /worldcupDetail HTTP/1.1[0m" 200 -
--19:15:37--  ftp://cp01-linjiaxin-4.epc.baidu.com/home/work/laijiawei2/baidu/nlp/event-graph/event_graph_store/worldcup/data_sync/sina_dynamic/data/worldcupDetail
           => `detail'
Resolving cp01-linjiaxin-4.epc.baidu.com... 10.94.182.122
Connecting to cp01-linjiaxin-4.epc.baidu.com|10.94.182.122|:21... connected.
Logging in as anonymous ... Logged in!
==> SYST ... done.    ==> PWD ... done.
==> TYPE I ... done.  ==> CWD /home/work/laijiawei2/baidu/nlp/event-graph/event_graph_store/worldcup/data_sync/sina_dynamic/data ... done.
==> PASV ... done.    ==> RETR worldcupDetail ... done.
Length: 2,411 (2.4K) (unauthoritative)

    0K ..                                                    100%   28.71 MB/s

19:15:37 (28.71 MB/s) - `detail' saved [2411]

172.22.28.235 - - [15/Jun/2018 19:15:37] "[37mGET /worldcupDetail HTTP/1.1[0m" 200 -
--19:19:10--  ftp://cp01-linjiaxin-4.epc.baidu.com/home/work/laijiawei2/baidu/nlp/event-graph/event_graph_store/worldcup/data_sync/sina_dynamic/data/worldcupDetail
           => `detail'
Resolving cp01-linjiaxin-4.epc.baidu.com... 10.94.182.122
Connecting to cp01-linjiaxin-4.epc.baidu.com|10.94.182.122|:21... connected.
Logging in as anonymous ... Logged in!
==> SYST ... done.    ==> PWD ... done.
==> TYPE I ... done.  ==> CWD /home/work/laijiawei2/baidu/nlp/event-graph/event_graph_store/worldcup/data_sync/sina_dynamic/data ... done.
==> PASV ... done.    ==> RETR worldcupDetail ... done.
Length: 2,628 (2.6K) (unauthoritative)

    0K ..                                                    100%  126.23 MB/s

19:19:10 (126.23 MB/s) - `detail' saved [2628]

172.18.226.84 - - [15/Jun/2018 19:19:10] "[37mGET /worldcupDetail HTTP/1.1[0m" 200 -
--19:22:40--  ftp://cp01-linjiaxin-4.epc.baidu.com/home/work/laijiawei2/baidu/nlp/event-graph/event_graph_store/worldcup/data_sync/sina_dynamic/data/worldcupDetail
           => `detail'
Resolving cp01-linjiaxin-4.epc.baidu.com... 10.94.182.122
Connecting to cp01-linjiaxin-4.epc.baidu.com|10.94.182.122|:21... connected.
Logging in as anonymous ... Logged in!
==> SYST ... done.    ==> PWD ... done.
==> TYPE I ... done.  ==> CWD /home/work/laijiawei2/baidu/nlp/event-graph/event_graph_store/worldcup/data_sync/sina_dynamic/data ... done.
==> PASV ... done.    ==> RETR worldcupDetail ... done.
Length: 555 (unauthoritative)

    0K                                                       100%    4.91 MB/s

19:22:40 (4.91 MB/s) - `detail' saved [555]

172.18.226.84 - - [15/Jun/2018 19:22:40] "[37mGET /worldcupDetail HTTP/1.1[0m" 200 -
--19:23:01--  ftp://cp01-linjiaxin-4.epc.baidu.com/home/work/laijiawei2/baidu/nlp/event-graph/event_graph_store/worldcup/data_sync/sina_dynamic/data/worldcupDetail
           => `detail'
Resolving cp01-linjiaxin-4.epc.baidu.com... 10.94.182.122
Connecting to cp01-linjiaxin-4.epc.baidu.com|10.94.182.122|:21... connected.
Logging in as anonymous ... Logged in!
==> SYST ... done.    ==> PWD ... done.
==> TYPE I ... done.  ==> CWD /home/work/laijiawei2/baidu/nlp/event-graph/event_graph_store/worldcup/data_sync/sina_dynamic/data ... done.
==> PASV ... done.    ==> RETR worldcupDetail ... done.
Length: 555 (unauthoritative)

    0K                                                       100%   52.67 MB/s

19:23:01 (52.67 MB/s) - `detail' saved [555]

172.18.226.84 - - [15/Jun/2018 19:23:01] "[37mGET /worldcupDetail HTTP/1.1[0m" 200 -
--19:23:08--  ftp://cp01-linjiaxin-4.epc.baidu.com/home/work/laijiawei2/baidu/nlp/event-graph/event_graph_store/worldcup/data_sync/sina_dynamic/data/worldcupDetail
           => `detail'
Resolving cp01-linjiaxin-4.epc.baidu.com... 10.94.182.122
Connecting to cp01-linjiaxin-4.epc.baidu.com|10.94.182.122|:21... connected.
Logging in as anonymous ... Logged in!
==> SYST ... done.    ==> PWD ... done.
==> TYPE I ... done.  ==> CWD /home/work/laijiawei2/baidu/nlp/event-graph/event_graph_store/worldcup/data_sync/sina_dynamic/data ... done.
==> PASV ... done.    ==> RETR worldcupDetail ... done.
Length: 555 (unauthoritative)

    0K                                                       100%    5.68 MB/s

19:23:08 (5.68 MB/s) - `detail' saved [555]

172.18.226.84 - - [15/Jun/2018 19:23:08] "[37mGET /worldcupDetail HTTP/1.1[0m" 200 -
--19:23:12--  ftp://cp01-linjiaxin-4.epc.baidu.com/home/work/laijiawei2/baidu/nlp/event-graph/event_graph_store/worldcup/data_sync/sina_dynamic/data/worldcupDetail
           => `detail'
Resolving cp01-linjiaxin-4.epc.baidu.com... 10.94.182.122
Connecting to cp01-linjiaxin-4.epc.baidu.com|10.94.182.122|:21... connected.
Logging in as anonymous ... Logged in!
==> SYST ... done.    ==> PWD ... done.
==> TYPE I ... done.  ==> CWD /home/work/laijiawei2/baidu/nlp/event-graph/event_graph_store/worldcup/data_sync/sina_dynamic/data ... done.
==> PASV ... done.    ==> RETR worldcupDetail ... done.
Length: 555 (unauthoritative)

    0K                                                       100%    1.48 MB/s

19:23:12 (1.48 MB/s) - `detail' saved [555]

172.18.226.84 - - [15/Jun/2018 19:23:12] "[37mGET /worldcupDetail HTTP/1.1[0m" 200 -
--19:23:16--  ftp://cp01-linjiaxin-4.epc.baidu.com/home/work/laijiawei2/baidu/nlp/event-graph/event_graph_store/worldcup/data_sync/sina_dynamic/data/worldcupDetail
           => `detail'
Resolving cp01-linjiaxin-4.epc.baidu.com... 10.94.182.122
Connecting to cp01-linjiaxin-4.epc.baidu.com|10.94.182.122|:21... connected.
Logging in as anonymous ... Logged in!
==> SYST ... done.    ==> PWD ... done.
==> TYPE I ... done.  ==> CWD /home/work/laijiawei2/baidu/nlp/event-graph/event_graph_store/worldcup/data_sync/sina_dynamic/data ... done.
==> PASV ... done.    ==> RETR worldcupDetail ... done.
Length: 555 (unauthoritative)

    0K                                                       100%   14.80 MB/s

19:23:16 (14.80 MB/s) - `detail' saved [555]

172.18.226.84 - - [15/Jun/2018 19:23:16] "[37mGET /worldcupDetail HTTP/1.1[0m" 200 -
--19:23:18--  ftp://cp01-linjiaxin-4.epc.baidu.com/home/work/laijiawei2/baidu/nlp/event-graph/event_graph_store/worldcup/data_sync/sina_dynamic/data/worldcupDetail
           => `detail'
Resolving cp01-linjiaxin-4.epc.baidu.com... 10.94.182.122
Connecting to cp01-linjiaxin-4.epc.baidu.com|10.94.182.122|:21... connected.
Logging in as anonymous ... Logged in!
==> SYST ... done.    ==> PWD ... done.
==> TYPE I ... done.  ==> CWD /home/work/laijiawei2/baidu/nlp/event-graph/event_graph_store/worldcup/data_sync/sina_dynamic/data ... done.
==> PASV ... done.    ==> RETR worldcupDetail ... done.
Length: 555 (unauthoritative)

    0K                                                       100%    7.02 MB/s

19:23:18 (7.02 MB/s) - `detail' saved [555]

172.18.226.84 - - [15/Jun/2018 19:23:18] "[37mGET /worldcupDetail HTTP/1.1[0m" 200 -
--19:23:25--  ftp://cp01-linjiaxin-4.epc.baidu.com/home/work/laijiawei2/baidu/nlp/event-graph/event_graph_store/worldcup/data_sync/sina_dynamic/data/worldcupDetail
           => `detail'
Resolving cp01-linjiaxin-4.epc.baidu.com... 10.94.182.122
Connecting to cp01-linjiaxin-4.epc.baidu.com|10.94.182.122|:21... connected.
Logging in as anonymous ... Logged in!
==> SYST ... done.    ==> PWD ... done.
==> TYPE I ... done.  ==> CWD /home/work/laijiawei2/baidu/nlp/event-graph/event_graph_store/worldcup/data_sync/sina_dynamic/data ... done.
==> PASV ... done.    ==> RETR worldcupDetail ... done.
Length: 555 (unauthoritative)

    0K                                                       100%   64.59 MB/s

19:23:25 (64.59 MB/s) - `detail' saved [555]

172.18.226.84 - - [15/Jun/2018 19:23:25] "[37mGET /worldcupDetail HTTP/1.1[0m" 200 -
--19:24:06--  ftp://cp01-linjiaxin-4.epc.baidu.com/home/work/laijiawei2/baidu/nlp/event-graph/event_graph_store/worldcup/data_sync/sina_dynamic/data/worldcupDetail
           => `detail'
Resolving cp01-linjiaxin-4.epc.baidu.com... 10.94.182.122
Connecting to cp01-linjiaxin-4.epc.baidu.com|10.94.182.122|:21... connected.
Logging in as anonymous ... Logged in!
==> SYST ... done.    ==> PWD ... done.
==> TYPE I ... done.  ==> CWD /home/work/laijiawei2/baidu/nlp/event-graph/event_graph_store/worldcup/data_sync/sina_dynamic/data ... done.
==> PASV ... done.    ==> RETR worldcupDetail ... done.
Length: 555 (unauthoritative)

    0K                                                       100%   62.71 MB/s

19:24:06 (62.71 MB/s) - `detail' saved [555]

172.18.226.84 - - [15/Jun/2018 19:24:06] "[37mGET /worldcupDetail HTTP/1.1[0m" 200 -
--19:24:45--  ftp://cp01-linjiaxin-4.epc.baidu.com/home/work/laijiawei2/baidu/nlp/event-graph/event_graph_store/worldcup/data_sync/sina_dynamic/data/worldcupDetail
           => `detail'
Resolving cp01-linjiaxin-4.epc.baidu.com... 10.94.182.122
Connecting to cp01-linjiaxin-4.epc.baidu.com|10.94.182.122|:21... connected.
Logging in as anonymous ... Logged in!
==> SYST ... done.    ==> PWD ... done.
==> TYPE I ... done.  ==> CWD /home/work/laijiawei2/baidu/nlp/event-graph/event_graph_store/worldcup/data_sync/sina_dynamic/data ... done.
==> PASV ... done.    ==> RETR worldcupDetail ... done.
Length: 555 (unauthoritative)

    0K                                                       100%   22.35 MB/s

19:24:45 (22.35 MB/s) - `detail' saved [555]

172.18.188.28 - - [15/Jun/2018 19:24:45] "[37mGET /worldcupDetail HTTP/1.1[0m" 200 -
172.18.188.28 - - [15/Jun/2018 19:24:45] "[33mGET /favicon.ico HTTP/1.1[0m" 404 -
172.18.188.28 - - [15/Jun/2018 19:24:45] "[33mGET /favicon.ico HTTP/1.1[0m" 404 -
--19:26:24--  ftp://cp01-linjiaxin-4.epc.baidu.com/home/work/laijiawei2/baidu/nlp/event-graph/event_graph_store/worldcup/data_sync/sina_dynamic/data/worldcupDetail
           => `detail'
Resolving cp01-linjiaxin-4.epc.baidu.com... 10.94.182.122
Connecting to cp01-linjiaxin-4.epc.baidu.com|10.94.182.122|:21... connected.
Logging in as anonymous ... Logged in!
==> SYST ... done.    ==> PWD ... done.
==> TYPE I ... done.  ==> CWD /home/work/laijiawei2/baidu/nlp/event-graph/event_graph_store/worldcup/data_sync/sina_dynamic/data ... done.
==> PASV ... done.    ==> RETR worldcupDetail ... done.
Length: 555 (unauthoritative)

    0K                                                       100%    7.33 MB/s

19:26:24 (7.33 MB/s) - `detail' saved [555]

172.18.226.84 - - [15/Jun/2018 19:26:24] "[37mGET /worldcupDetail HTTP/1.1[0m" 200 -
--19:26:33--  ftp://cp01-linjiaxin-4.epc.baidu.com/home/work/laijiawei2/baidu/nlp/event-graph/event_graph_store/worldcup/data_sync/sina_dynamic/data/worldcupDetail
           => `detail'
Resolving cp01-linjiaxin-4.epc.baidu.com... 10.94.182.122
Connecting to cp01-linjiaxin-4.epc.baidu.com|10.94.182.122|:21... connected.
Logging in as anonymous ... Logged in!
==> SYST ... done.    ==> PWD ... done.
==> TYPE I ... done.  ==> CWD /home/work/laijiawei2/baidu/nlp/event-graph/event_graph_store/worldcup/data_sync/sina_dynamic/data ... done.
==> PASV ... done.    ==> RETR worldcupDetail ... done.
Length: 555 (unauthoritative)

    0K                                                       100%   18.45 MB/s

19:26:33 (18.45 MB/s) - `detail' saved [555]

172.18.188.28 - - [15/Jun/2018 19:26:33] "[37mGET /worldcupDetail HTTP/1.1[0m" 200 -
--19:26:33--  ftp://cp01-linjiaxin-4.epc.baidu.com/home/work/laijiawei2/baidu/nlp/event-graph/event_graph_store/worldcup/data_sync/sina_dynamic/data/worldcupDetail
           => `detail'
Resolving cp01-linjiaxin-4.epc.baidu.com... 10.94.182.122
Connecting to cp01-linjiaxin-4.epc.baidu.com|10.94.182.122|:21... connected.
Logging in as anonymous ... Logged in!
==> SYST ... done.    ==> PWD ... done.
==> TYPE I ... done.  ==> CWD /home/work/laijiawei2/baidu/nlp/event-graph/event_graph_store/worldcup/data_sync/sina_dynamic/data ... done.
==> PASV ... done.    ==> RETR worldcupDetail ... done.
Length: 555 (unauthoritative)

    0K                                                       100%   11.74 MB/s

19:26:33 (11.74 MB/s) - `detail' saved [555]

172.22.28.235 - - [15/Jun/2018 19:26:33] "[37mGET /worldcupDetail HTTP/1.1[0m" 200 -
--19:26:37--  ftp://cp01-linjiaxin-4.epc.baidu.com/home/work/laijiawei2/baidu/nlp/event-graph/event_graph_store/worldcup/data_sync/sina_dynamic/data/worldcupDetail
           => `detail'
Resolving cp01-linjiaxin-4.epc.baidu.com... 10.94.182.122
Connecting to cp01-linjiaxin-4.epc.baidu.com|10.94.182.122|:21... connected.
Logging in as anonymous ... Logged in!
==> SYST ... done.    ==> PWD ... done.
==> TYPE I ... done.  ==> CWD /home/work/laijiawei2/baidu/nlp/event-graph/event_graph_store/worldcup/data_sync/sina_dynamic/data ... done.
==> PASV ... done.    ==> RETR worldcupDetail ... done.
Length: 555 (unauthoritative)

    0K                                                       100%   35.93 MB/s

19:26:37 (35.93 MB/s) - `detail' saved [555]

172.22.28.235 - - [15/Jun/2018 19:26:37] "[37mGET /worldcupDetail HTTP/1.1[0m" 200 -
--19:27:38--  ftp://cp01-linjiaxin-4.epc.baidu.com/home/work/laijiawei2/baidu/nlp/event-graph/event_graph_store/worldcup/data_sync/sina_dynamic/data/worldcupDetail
           => `detail'
Resolving cp01-linjiaxin-4.epc.baidu.com... 10.94.182.122
Connecting to cp01-linjiaxin-4.epc.baidu.com|10.94.182.122|:21... connected.
Logging in as anonymous ... Logged in!
==> SYST ... done.    ==> PWD ... done.
==> TYPE I ... done.  ==> CWD /home/work/laijiawei2/baidu/nlp/event-graph/event_graph_store/worldcup/data_sync/sina_dynamic/data ... done.
==> PASV ... done.    ==> RETR worldcupDetail ... done.
Length: 555 (unauthoritative)

    0K                                                       100%   57.96 MB/s

19:27:38 (57.96 MB/s) - `detail' saved [555]

172.22.28.235 - - [15/Jun/2018 19:27:38] "[37mGET /worldcupDetail HTTP/1.1[0m" 200 -
--19:28:01--  ftp://cp01-linjiaxin-4.epc.baidu.com/home/work/laijiawei2/baidu/nlp/event-graph/event_graph_store/worldcup/data_sync/sina_dynamic/data/worldcupDetail
           => `detail'
Resolving cp01-linjiaxin-4.epc.baidu.com... 10.94.182.122
Connecting to cp01-linjiaxin-4.epc.baidu.com|10.94.182.122|:21... connected.
Logging in as anonymous ... Logged in!
==> SYST ... done.    ==> PWD ... done.
==> TYPE I ... done.  ==> CWD /home/work/laijiawei2/baidu/nlp/event-graph/event_graph_store/worldcup/data_sync/sina_dynamic/data ... done.
==> PASV ... done.    ==> RETR worldcupDetail ... done.
Length: 555 (unauthoritative)

    0K                                                       100%    3.97 MB/s

19:28:02 (3.97 MB/s) - `detail' saved [555]

172.22.28.235 - - [15/Jun/2018 19:28:02] "[37mGET /worldcupDetail HTTP/1.1[0m" 200 -
--19:28:33--  ftp://cp01-linjiaxin-4.epc.baidu.com/home/work/laijiawei2/baidu/nlp/event-graph/event_graph_store/worldcup/data_sync/sina_dynamic/data/worldcupDetail
           => `detail'
Resolving cp01-linjiaxin-4.epc.baidu.com... 10.94.182.122
Connecting to cp01-linjiaxin-4.epc.baidu.com|10.94.182.122|:21... connected.
Logging in as anonymous ... Logged in!
==> SYST ... done.    ==> PWD ... done.
==> TYPE I ... done.  ==> CWD /home/work/laijiawei2/baidu/nlp/event-graph/event_graph_store/worldcup/data_sync/sina_dynamic/data ... done.
==> PASV ... done.    ==> RETR worldcupDetail ... done.
Length: 555 (unauthoritative)

    0K                                                       100%   65.61 MB/s

19:28:33 (65.61 MB/s) - `detail' saved [555]

172.18.180.76 - - [15/Jun/2018 19:28:33] "[37mGET /worldcupDetail HTTP/1.1[0m" 200 -
--19:29:21--  ftp://cp01-linjiaxin-4.epc.baidu.com/home/work/laijiawei2/baidu/nlp/event-graph/event_graph_store/worldcup/data_sync/sina_dynamic/data/worldcupDetail
           => `detail'
Resolving cp01-linjiaxin-4.epc.baidu.com... 10.94.182.122
Connecting to cp01-linjiaxin-4.epc.baidu.com|10.94.182.122|:21... connected.
Logging in as anonymous ... Logged in!
==> SYST ... done.    ==> PWD ... done.
==> TYPE I ... done.  ==> CWD /home/work/laijiawei2/baidu/nlp/event-graph/event_graph_store/worldcup/data_sync/sina_dynamic/data ... done.
==> PASV ... done.    ==> RETR worldcupDetail ... done.
Length: 555 (unauthoritative)

    0K                                                       100%   65.94 MB/s

19:29:22 (65.94 MB/s) - `detail' saved [555]

172.22.28.235 - - [15/Jun/2018 19:29:22] "[37mGET /worldcupDetail HTTP/1.1[0m" 200 -
--19:29:28--  ftp://cp01-linjiaxin-4.epc.baidu.com/home/work/laijiawei2/baidu/nlp/event-graph/event_graph_store/worldcup/data_sync/sina_dynamic/data/worldcupDetail
           => `detail'
Resolving cp01-linjiaxin-4.epc.baidu.com... 10.94.182.122
Connecting to cp01-linjiaxin-4.epc.baidu.com|10.94.182.122|:21... connected.
Logging in as anonymous ... Logged in!
==> SYST ... done.    ==> PWD ... done.
==> TYPE I ... done.  ==> CWD /home/work/laijiawei2/baidu/nlp/event-graph/event_graph_store/worldcup/data_sync/sina_dynamic/data ... done.
==> PASV ... done.    ==> RETR worldcupDetail ... done.
Length: 555 (unauthoritative)

    0K                                                       100%   35.78 MB/s

19:29:28 (35.78 MB/s) - `detail' saved [555]

172.18.226.84 - - [15/Jun/2018 19:29:28] "[37mGET /worldcupDetail HTTP/1.1[0m" 200 -
--19:29:57--  ftp://cp01-linjiaxin-4.epc.baidu.com/home/work/laijiawei2/baidu/nlp/event-graph/event_graph_store/worldcup/data_sync/sina_dynamic/data/worldcupDetail
           => `detail'
Resolving cp01-linjiaxin-4.epc.baidu.com... 10.94.182.122
Connecting to cp01-linjiaxin-4.epc.baidu.com|10.94.182.122|:21... connected.
Logging in as anonymous ... Logged in!
==> SYST ... done.    ==> PWD ... done.
==> TYPE I ... done.  ==> CWD /home/work/laijiawei2/baidu/nlp/event-graph/event_graph_store/worldcup/data_sync/sina_dynamic/data ... done.
==> PASV ... done.    ==> RETR worldcupDetail ... done.
Length: 555 (unauthoritative)

    0K                                                       100%   29.68 MB/s

19:29:57 (29.68 MB/s) - `detail' saved [555]

172.18.182.85 - - [15/Jun/2018 19:29:57] "[37mGET /worldcupDetail HTTP/1.1[0m" 200 -
172.18.182.85 - - [15/Jun/2018 19:29:58] "[33mGET /favicon.ico HTTP/1.1[0m" 404 -
--19:31:20--  ftp://cp01-linjiaxin-4.epc.baidu.com/home/work/laijiawei2/baidu/nlp/event-graph/event_graph_store/worldcup/data_sync/sina_dynamic/data/worldcupDetail
           => `detail'
Resolving cp01-linjiaxin-4.epc.baidu.com... 10.94.182.122
Connecting to cp01-linjiaxin-4.epc.baidu.com|10.94.182.122|:21... connected.
Logging in as anonymous ... Logged in!
==> SYST ... done.    ==> PWD ... done.
==> TYPE I ... done.  ==> CWD /home/work/laijiawei2/baidu/nlp/event-graph/event_graph_store/worldcup/data_sync/sina_dynamic/data ... done.
==> PASV ... done.    ==> RETR worldcupDetail ... done.
Length: 555 (unauthoritative)

    0K                                                       100%    7.29 MB/s

19:31:20 (7.29 MB/s) - `detail' saved [555]

172.18.186.112 - - [15/Jun/2018 19:31:20] "[37mGET /worldcupDetail HTTP/1.1[0m" 200 -
172.18.186.112 - - [15/Jun/2018 19:31:20] "[33mGET /favicon.ico HTTP/1.1[0m" 404 -
--19:31:23--  ftp://cp01-linjiaxin-4.epc.baidu.com/home/work/laijiawei2/baidu/nlp/event-graph/event_graph_store/worldcup/data_sync/sina_dynamic/data/worldcupDetail
           => `detail'
Resolving cp01-linjiaxin-4.epc.baidu.com... 10.94.182.122
Connecting to cp01-linjiaxin-4.epc.baidu.com|10.94.182.122|:21... connected.
Logging in as anonymous ... Logged in!
==> SYST ... done.    ==> PWD ... done.
==> TYPE I ... done.  ==> CWD /home/work/laijiawei2/baidu/nlp/event-graph/event_graph_store/worldcup/data_sync/sina_dynamic/data ... done.
==> PASV ... done.    ==> RETR worldcupDetail ... done.
Length: 555 (unauthoritative)

    0K                                                       100%   56.58 MB/s

19:31:23 (56.58 MB/s) - `detail' saved [555]

172.18.186.112 - - [15/Jun/2018 19:31:23] "[37mGET /worldcupDetail HTTP/1.1[0m" 200 -
--19:31:39--  ftp://cp01-linjiaxin-4.epc.baidu.com/home/work/laijiawei2/baidu/nlp/event-graph/event_graph_store/worldcup/data_sync/sina_dynamic/data/worldcupDetail
           => `detail'
Resolving cp01-linjiaxin-4.epc.baidu.com... 10.94.182.122
Connecting to cp01-linjiaxin-4.epc.baidu.com|10.94.182.122|:21... connected.
Logging in as anonymous ... Logged in!
==> SYST ... done.    ==> PWD ... done.
==> TYPE I ... done.  ==> CWD /home/work/laijiawei2/baidu/nlp/event-graph/event_graph_store/worldcup/data_sync/sina_dynamic/data ... done.
==> PASV ... done.    ==> RETR worldcupDetail ... done.
Length: 555 (unauthoritative)

    0K                                                       100%   10.41 MB/s

19:31:39 (10.41 MB/s) - `detail' saved [555]

172.18.186.112 - - [15/Jun/2018 19:31:39] "[37mGET /worldcupDetail HTTP/1.1[0m" 200 -
